<?xml version="1.0" encoding="UTF-8"?>
<!-- Generated by org.testng.reporters.JUnitReportReporter -->
<testsuite skipped="0" hostname="DESKTOP-LLTFM9O" name="asp.DemoA" tests="1" failures="0" timestamp="28 Dec 2018 01:46:09 GMT" time="9.342" errors="0">
  <testcase name="testA" time="9.342" classname="asp.DemoA"/>
</testsuite> <!-- asp.DemoA -->
